Using pre-set license

 COMMAND LINE ARGUMENTS:
/Applications/Unity/Hub/Editor/2020.3.1f1/Unity.app/Contents/MacOS/Unity
-adb2
-batchMode
-noUpm
-name
AssetImportWorker0
-projectPath
/Users/derekkosakura/Documents/GitHub/Vera-Terrain-and-Animation/Vera Terrain and Animation
-logFile
Logs/AssetImportWorker0.log
-srvPort
50345
Successfully changed project path to: /Users/derekkosakura/Documents/GitHub/Vera-Terrain-and-Animation/Vera Terrain and Animation
/Users/derekkosakura/Documents/GitHub/Vera-Terrain-and-Animation/Vera Terrain and Animation
Using Asset Import Pipeline V2.
Refreshing native plugins compatible for Editor in 25.40 ms, found 1 plugins.
Preloading 0 native plugins for Editor in 0.00 ms.
Initialize engine version: 2020.3.1f1 (77a89f25062f)
[Subsystems] Discovering subsystems at path /Applications/Unity/Hub/Editor/2020.3.1f1/Unity.app/Contents/Resources/UnitySubsystems
[Subsystems] Discovering subsystems at path /Users/derekkosakura/Documents/GitHub/Vera-Terrain-and-Animation/Vera Terrain and Animation/Assets
GfxDevice: creating device client; threaded=0
2022-11-11 16:56:30.317 Unity[2759:43690] Color LCD preferred device: AMD Radeon Pro 560 (high power)
2022-11-11 16:56:30.317 Unity[2759:43690] Metal devices available: 2
2022-11-11 16:56:30.317 Unity[2759:43690] 0: AMD Radeon Pro 560 (high power)
2022-11-11 16:56:30.317 Unity[2759:43690] 1: Intel(R) HD Graphics 630 (low power)
2022-11-11 16:56:30.318 Unity[2759:43690] Using device AMD Radeon Pro 560 (high power)
Initializing Metal device caps: AMD Radeon Pro 560
Initialize mono
Mono path[0] = '/Applications/Unity/Hub/Editor/2020.3.1f1/Unity.app/Contents/Managed'
Mono path[1] = '/Applications/Unity/Hub/Editor/2020.3.1f1/Unity.app/Contents/MonoBleedingEdge/lib/mono/unityjit'
Mono config path = '/Applications/Unity/Hub/Editor/2020.3.1f1/Unity.app/Contents/MonoBleedingEdge/etc'
Using monoOptions --debugger-agent=transport=dt_socket,embedding=1,server=y,suspend=n,address=127.0.0.1:56759
Begin MonoManager ReloadAssembly
Registering precompiled unity dll's ...
Register platform support module: /Applications/Unity/Hub/Editor/2020.3.1f1/Unity.app/Contents/PlaybackEngines/MacStandaloneSupport/UnityEditor.OSXStandalone.Extensions.dll
Registered in 0.000505 seconds.
Native extension for OSXStandalone target not found
Refreshing native plugins compatible for Editor in 23.94 ms, found 1 plugins.
Preloading 0 native plugins for Editor in 0.00 ms.
Invoked RoslynAnalysisRunner static constructor.
RoslynAnalysisRunner will not be running.
RoslynAnalysisRunner has terminated.
Mono: successfully reloaded assembly
- Completed reload, in  1.514 seconds
Platform modules already initialized, skipping
Registering precompiled user dll's ...
Registered in 0.000356 seconds.
Begin MonoManager ReloadAssembly
Native extension for OSXStandalone target not found
Refreshing native plugins compatible for Editor in 0.21 ms, found 1 plugins.
Preloading 0 native plugins for Editor in 0.00 ms.
Invoked RoslynAnalysisRunner static constructor.
RoslynAnalysisRunner will not be running.
RoslynAnalysisRunner has terminated.
Mono: successfully reloaded assembly
- Completed reload, in  1.019 seconds
Platform modules already initialized, skipping
========================================================================
Worker process is ready to serve import requests
Launching external process: /Applications/Unity/Hub/Editor/2020.3.1f1/Unity.app/Contents/Tools/UnityShaderCompiler
Launched and connected shader compiler UnityShaderCompiler after 0.01 seconds
Refreshing native plugins compatible for Editor in 0.22 ms, found 1 plugins.
Preloading 0 native plugins for Editor in 0.00 ms.
Unloading 1114 Unused Serialized files (Serialized files now loaded: 0)
System memory in use before: 106.9 MB.
System memory in use after: 107.0 MB.

Unloading 10 unused Assets to reduce memory usage. Loaded Objects now: 1556.
Total: 3.392418 ms (FindLiveObjects: 0.376512 ms CreateObjectMapping: 0.207684 ms MarkObjects: 2.703770 ms  DeleteObjects: 0.099431 ms)

